Using pre-set license
Built from '2020.3/staging' branch; Version is '2020.3.5f1 (8095aa901b9b) revision 8426922'; Using compiler version '192528614'; Build Type 'Release'
OS: 'Windows 7  (6.1.0) 64bit' Language: 'ru' Physical Memory: 8130 MB
BatchMode: 1, IsHumanControllingUs: 0, StartBugReporterOnCrash: 0, Is64bit: 1, IsPro: 0

 COMMAND LINE ARGUMENTS:
C:\Program Files\Unity\Hub\Editor\2020.3.5f1\Editor\Unity.exe
-adb2
-batchMode
-noUpm
-name
AssetImportWorker1
-projectPath
D:/Github Projects/EAF-project/EAF-UnityProject
-logFile
Logs/AssetImportWorker1.log
-srvPort
50864
Successfully changed project path to: D:/Github Projects/EAF-project/EAF-UnityProject
D:/Github Projects/EAF-project/EAF-UnityProject
Using Asset Import Pipeline V2.
Unable to join player connection multicast group.

Unable to join player connection alternative multicast group.

Refreshing native plugins compatible for Editor in 106.74 ms, found 0 plugins.
Preloading 0 native plugins for Editor in 0.00 ms.
Initialize engine version: 2020.3.5f1 (8095aa901b9b)
[Subsystems] Discovering subsystems at path C:/Program Files/Unity/Hub/Editor/2020.3.5f1/Editor/Data/Resources/UnitySubsystems
[Subsystems] Discovering subsystems at path D:/Github Projects/EAF-project/EAF-UnityProject/Assets
GfxDevice: creating device client; threaded=0
d3d11: CreateDXGIFactory2(...) not found, fallbacking to CreateDXGIFactory1(...).
d3d11: D3D_FEATURE_LEVEL_11_1 not-recognized (only 11.0 runtime installed?)
d3d11: QueryInterface(IDXGIFactory5) failed (80004002).
Direct3D:
    Version:  Direct3D 11.0 [level 11.0]
    Renderer: Radeon RX 560 Series (ID=0x67ff)
    Vendor:   
    VRAM:     4073 MB
    Driver:   27.20.15003.1004
Shader 'Universal Render Pipeline/Particles/Lit': fallback shader 'Universal Render Pipeline/Particles/SimpleLit' not found
Initialize mono
Mono path[0] = 'C:/Program Files/Unity/Hub/Editor/2020.3.5f1/Editor/Data/Managed'
Mono path[1] = 'C:/Program Files/Unity/Hub/Editor/2020.3.5f1/Editor/Data/MonoBleedingEdge/lib/mono/unityjit'
Mono config path = 'C:/Program Files/Unity/Hub/Editor/2020.3.5f1/Editor/Data/MonoBleedingEdge/etc'
Using monoOptions --debugger-agent=transport=dt_socket,embedding=1,server=y,suspend=n,address=127.0.0.1:56368
Begin MonoManager ReloadAssembly
Registering precompiled unity dll's ...
Register platform support module: C:/Program Files/Unity/Hub/Editor/2020.3.5f1/Editor/Data/PlaybackEngines/WindowsStandaloneSupport/UnityEditor.WindowsStandalone.Extensions.dll
Registered in 0.002045 seconds.
Native extension for WindowsStandalone target not found
Refreshing native plugins compatible for Editor in 104.55 ms, found 0 plugins.
Preloading 0 native plugins for Editor in 0.00 ms.
Mono: successfully reloaded assembly
- Completed reload, in  7.304 seconds
Platform modules already initialized, skipping
Registering precompiled user dll's ...
Registered in 0.003030 seconds.
Begin MonoManager ReloadAssembly
Native extension for WindowsStandalone target not found
Refreshing native plugins compatible for Editor in 102.03 ms, found 0 plugins.
Preloading 0 native plugins for Editor in 0.00 ms.
Mono: successfully reloaded assembly
- Completed reload, in  1.964 seconds
Platform modules already initialized, skipping
========================================================================
Worker process is ready to serve import requests
Shader 'Universal Render Pipeline/Particles/Lit': fallback shader 'Universal Render Pipeline/Particles/SimpleLit' not found
Launched and connected shader compiler UnityShaderCompiler.exe after 0.16 seconds
Refreshing native plugins compatible for Editor in 0.87 ms, found 0 plugins.
Preloading 0 native plugins for Editor in 0.00 ms.
Unloading 2705 Unused Serialized files (Serialized files now loaded: 0)
System memory in use before: 139.3 MB.
System memory in use after: 139.5 MB.

Unloading 17 unused Assets to reduce memory usage. Loaded Objects now: 3176.
Total: 5.175683 ms (FindLiveObjects: 0.592229 ms CreateObjectMapping: 0.182648 ms MarkObjects: 4.297974 ms  DeleteObjects: 0.100581 ms)

========================================================================
Received Import Request.
  path: Assets/Prefabs/SMG Bullet 3D.prefab
  artifactKey: Guid(570e42c45bbae0f4eb23d2cb02c907d7) Importer(815301076,1909f56bfc062723c751e8b465ee728b)
Start importing Assets/Prefabs/SMG Bullet 3D.prefab using Guid(570e42c45bbae0f4eb23d2cb02c907d7) Importer(815301076,1909f56bfc062723c751e8b465ee728b)  -> (artifact id: 'd1716c9991613512f3b150f018911dac') in 0.794893 seconds
  Import took 0.803352 seconds .

========================================================================
Received Prepare
Shader 'Universal Render Pipeline/Particles/Lit': fallback shader 'Universal Render Pipeline/Particles/SimpleLit' not found
Refreshing native plugins compatible for Editor in 2.99 ms, found 0 plugins.
Preloading 0 native plugins for Editor in 0.00 ms.
Unloading 8 Unused Serialized files (Serialized files now loaded: 0)
System memory in use before: 85.8 MB.
System memory in use after: 86.0 MB.

Unloading 7 unused Assets to reduce memory usage. Loaded Objects now: 3248.
Total: 8.322477 ms (FindLiveObjects: 1.110147 ms CreateObjectMapping: 0.166134 ms MarkObjects: 7.015670 ms  DeleteObjects: 0.028523 ms)

========================================================================
Received Import Request.
  Time since last request: 31.961573 seconds.
  path: Assets/Prefabs/SMG Bullet 3D.prefab
  artifactKey: Guid(570e42c45bbae0f4eb23d2cb02c907d7) Importer(815301076,1909f56bfc062723c751e8b465ee728b)
Start importing Assets/Prefabs/SMG Bullet 3D.prefab using Guid(570e42c45bbae0f4eb23d2cb02c907d7) Importer(815301076,1909f56bfc062723c751e8b465ee728b)  -> (artifact id: 'e884179a4ff0556f46f6867b9623fe59') in 0.020038 seconds
  Import took 0.028629 seconds .

========================================================================
Received Import Request.
  Time since last request: 6.767876 seconds.
  path: Assets/Prefabs/SMG Bullet 3D.prefab
  artifactKey: Guid(570e42c45bbae0f4eb23d2cb02c907d7) Importer(815301076,1909f56bfc062723c751e8b465ee728b)
Start importing Assets/Prefabs/SMG Bullet 3D.prefab using Guid(570e42c45bbae0f4eb23d2cb02c907d7) Importer(815301076,1909f56bfc062723c751e8b465ee728b)  -> (artifact id: '54bade440ae29d71ce88f567c5e1c303') in 0.044041 seconds
  Import took 0.055467 seconds .

========================================================================
Received Prepare
Registering precompiled user dll's ...
Registered in 0.006092 seconds.
Begin MonoManager ReloadAssembly
Native extension for WindowsStandalone target not found
Refreshing native plugins compatible for Editor in 1.51 ms, found 0 plugins.
Preloading 0 native plugins for Editor in 0.00 ms.
Mono: successfully reloaded assembly
- Completed reload, in  1.734 seconds
Platform modules already initialized, skipping
Switching build target platform(5) subTarget(0) extendedPlatform(0) -> platform(13) subTarget(589824) extendedPlatform(0)
Shader 'Universal Render Pipeline/Particles/Lit': fallback shader 'Universal Render Pipeline/Particles/SimpleLit' not found
Refreshing native plugins compatible for Editor in 0.87 ms, found 0 plugins.
Preloading 0 native plugins for Editor in 0.00 ms.
Unloading 2597 Unused Serialized files (Serialized files now loaded: 0)
System memory in use before: 135.3 MB.
System memory in use after: 135.5 MB.

Unloading 9 unused Assets to reduce memory usage. Loaded Objects now: 3224.
Total: 4.400307 ms (FindLiveObjects: 0.691309 ms CreateObjectMapping: 0.208418 ms MarkObjects: 3.457545 ms  DeleteObjects: 0.040783 ms)

AssetImportParameters requested are different than current active one (requested -> active):
  custom:graphics/normal-map-encoding: 01000000000000000000000000000000 -> 02000000000000000000000000000000
========================================================================
Received Prepare
Registering precompiled user dll's ...
Registered in 0.009227 seconds.
Begin MonoManager ReloadAssembly
Native extension for WindowsStandalone target not found
Refreshing native plugins compatible for Editor in 0.89 ms, found 0 plugins.
Preloading 0 native plugins for Editor in 0.00 ms.
Mono: successfully reloaded assembly
- Completed reload, in  2.182 seconds
Platform modules already initialized, skipping
Switching build target platform(5) subTarget(0) extendedPlatform(0) -> platform(13) subTarget(589824) extendedPlatform(0)
Shader 'Universal Render Pipeline/Particles/Lit': fallback shader 'Universal Render Pipeline/Particles/SimpleLit' not found
Refreshing native plugins compatible for Editor in 1.21 ms, found 0 plugins.
Preloading 0 native plugins for Editor in 0.00 ms.
Unloading 2597 Unused Serialized files (Serialized files now loaded: 0)
System memory in use before: 135.4 MB.
System memory in use after: 135.6 MB.

Unloading 9 unused Assets to reduce memory usage. Loaded Objects now: 3227.
Total: 5.062592 ms (FindLiveObjects: 0.686055 ms CreateObjectMapping: 0.337273 ms MarkObjects: 4.005487 ms  DeleteObjects: 0.032276 ms)

AssetImportParameters requested are different than current active one (requested -> active):
  custom:graphics/normal-map-encoding: 01000000000000000000000000000000 -> 02000000000000000000000000000000
========================================================================
Received Import Request.
  Time since last request: 362.299191 seconds.
  path: Assets/Prefabs/GroundBulletHit.prefab
  artifactKey: Guid(8b22a2978368de04e8e32e50dd4a262c) Importer(815301076,1909f56bfc062723c751e8b465ee728b)
Start importing Assets/Prefabs/GroundBulletHit.prefab using Guid(8b22a2978368de04e8e32e50dd4a262c) Importer(815301076,1909f56bfc062723c751e8b465ee728b)  -> (artifact id: '5eea3a7c4573d44bb5dd1872dbf234cf') in 0.083596 seconds
  Import took 0.097948 seconds .

========================================================================
Received Import Request.
  Time since last request: 8.883362 seconds.
  path: Assets/Prefabs/GroundBulletHit.prefab
  artifactKey: Guid(8b22a2978368de04e8e32e50dd4a262c) Importer(815301076,1909f56bfc062723c751e8b465ee728b)
Start importing Assets/Prefabs/GroundBulletHit.prefab using Guid(8b22a2978368de04e8e32e50dd4a262c) Importer(815301076,1909f56bfc062723c751e8b465ee728b)  -> (artifact id: 'fc908ad67d9a10a7e4b10a2e9fe1d906') in 0.006940 seconds
  Import took 0.023836 seconds .

========================================================================
Received Prepare
Registering precompiled user dll's ...
Registered in 0.002847 seconds.
Begin MonoManager ReloadAssembly
Native extension for WindowsStandalone target not found
Refreshing native plugins compatible for Editor in 0.79 ms, found 0 plugins.
Preloading 0 native plugins for Editor in 0.00 ms.
Mono: successfully reloaded assembly
- Completed reload, in  1.542 seconds
Platform modules already initialized, skipping
Switching build target platform(5) subTarget(0) extendedPlatform(0) -> platform(13) subTarget(589824) extendedPlatform(0)
Shader 'Universal Render Pipeline/Particles/Lit': fallback shader 'Universal Render Pipeline/Particles/SimpleLit' not found
Refreshing native plugins compatible for Editor in 0.80 ms, found 0 plugins.
Preloading 0 native plugins for Editor in 0.00 ms.
Unloading 2597 Unused Serialized files (Serialized files now loaded: 0)
System memory in use before: 135.4 MB.
System memory in use after: 135.6 MB.

Unloading 9 unused Assets to reduce memory usage. Loaded Objects now: 3230.
Total: 3.671968 ms (FindLiveObjects: 0.580219 ms CreateObjectMapping: 0.140113 ms MarkObjects: 2.920861 ms  DeleteObjects: 0.029023 ms)

AssetImportParameters requested are different than current active one (requested -> active):
  custom:graphics/normal-map-encoding: 01000000000000000000000000000000 -> 02000000000000000000000000000000
